<?xml version="1.0" encoding="UTF-8"?>
<testsuite xmlns:xsi="http://www.w3.org/2001/XMLSchema-instance" xsi:noNamespaceSchemaLocation="https://maven.apache.org/surefire/maven-surefire-plugin/xsd/surefire-test-report-3.0.xsd" version="3.0" name="com.example.myboard.MyboardApplicationTests" time="3.91" tests="1" errors="0" skipped="0" failures="0">
  <properties>
[...]
</properties>
  <testcase name="contextLoads" classname="com.example.myboard.MyboardApplicationTests" time="0.938">
    <system-out><![CDATA[10:15:23.228 [main] INFO org.springframework.test.context.support.AnnotationConfigContextLoaderUtils -- Could not detect default configuration classes for test class [com.example.myboard.MyboardApplicationTests]: MyboardApplicationTests does not declare any static, non-private, non-final, nested classes annotated with @Configuration.
10:15:23.345 [main] INFO org.springframework.boot.test.context.SpringBootTestContextBootstrapper -- Found @SpringBootConfiguration com.example.myboard.MyboardApplication for test class com.example.myboard.MyboardApplicationTests
10:15:23.525 [main] INFO org.springframework.boot.devtools.restart.RestartApplicationListener -- Restart disabled due to context in which it is running

  .   ____          _            __ _ _
 /\\ / ___'_ __ _ _(_)_ __  __ _ \ \ \ \
( ( )\___ | '_ | '_| | '_ \/ _` | \ \ \ \
 \\/  ___)| |_)| | | | | || (_| |  ) ) ) )
  '  |____| .__|_| |_|_| |_\__, | / / / /
 =========|_|==============|___/=/_/_/_/
&amp#27;[32m :: Spring Boot :: &amp#27;[39m              &amp#27;[2m (v3.2.4)&amp#27;[0;39m

&amp#27;[2m2024-06-04T10:15:23.773+09:00&amp#27;[0;39m &amp#27;[33m WARN&amp#27;[0;39m &amp#27;[35m7908&amp#27;[0;39m &amp#27;[2m---&amp#27;[0;39m &amp#27;[2m[myboard] [           main]&amp#27;[0;39m &amp#27;[2m&amp#27;[0;39m&amp#27;[36mory$DuplicateJsonObjectContextCustomizer&amp#27;[0;39m &amp#27;[2m:&amp#27;[0;39m 

Found multiple occurrences of org.json.JSONObject on the class path:

	jar:file:/C:/Users/ezen/.m2/repository/com/vaadin/external/google/android-json/0.0.20131108.vaadin1/android-json-0.0.20131108.vaadin1.jar!/org/json/JSONObject.class
	jar:file:/C:/Users/ezen/.m2/repository/org/json/json/20210307/json-20210307.jar!/org/json/JSONObject.class

You may wish to exclude one of them to ensure predictable runtime behavior

&amp#27;[2m2024-06-04T10:15:23.792+09:00&amp#27;[0;39m &amp#27;[32m INFO&amp#27;[0;39m &amp#27;[35m7908&amp#27;[0;39m &amp#27;[2m---&amp#27;[0;39m &amp#27;[2m[myboard] [           main]&amp#27;[0;39m &amp#27;[2m&amp#27;[0;39m&amp#27;[36mc.e.myboard.MyboardApplicationTests     &amp#27;[0;39m &amp#27;[2m:&amp#27;[0;39m Starting MyboardApplicationTests using Java 17.0.9 with PID 7908 (started by ezen in c:\project\backend\spiritsage\김상권_0603\myboard_2.3_병준_상권)
&amp#27;[2m2024-06-04T10:15:23.794+09:00&amp#27;[0;39m &amp#27;[32m INFO&amp#27;[0;39m &amp#27;[35m7908&amp#27;[0;39m &amp#27;[2m---&amp#27;[0;39m &amp#27;[2m[myboard] [           main]&amp#27;[0;39m &amp#27;[2m&amp#27;[0;39m&amp#27;[36mc.e.myboard.MyboardApplicationTests     &amp#27;[0;39m &amp#27;[2m:&amp#27;[0;39m No active profile set, falling back to 1 default profile: "default"
&amp#27;[2m2024-06-04T10:15:25.958+09:00&amp#27;[0;39m &amp#27;[32m INFO&amp#27;[0;39m &amp#27;[35m7908&amp#27;[0;39m &amp#27;[2m---&amp#27;[0;39m &amp#27;[2m[myboard] [           main]&amp#27;[0;39m &amp#27;[2m&amp#27;[0;39m&amp#27;[36mo.s.b.a.e.web.EndpointLinksResolver     &amp#27;[0;39m &amp#27;[2m:&amp#27;[0;39m Exposing 1 endpoint(s) beneath base path '/actuator'
&amp#27;[2m2024-06-04T10:15:26.013+09:00&amp#27;[0;39m &amp#27;[32m INFO&amp#27;[0;39m &amp#27;[35m7908&amp#27;[0;39m &amp#27;[2m---&amp#27;[0;39m &amp#27;[2m[myboard] [           main]&amp#27;[0;39m &amp#27;[2m&amp#27;[0;39m&amp#27;[36mc.e.myboard.MyboardApplicationTests     &amp#27;[0;39m &amp#27;[2m:&amp#27;[0;39m Started MyboardApplicationTests in 2.5 seconds (process running for 3.445)
]]></system-out>
  </testcase>
</testsuite>